{"level":"info","message":"server is listening on port: 5000"}
{"level":"info","message":"server is listening on port: 5000"}
{"level":"info","message":"server is listening on port: 5000"}
{"level":"info","message":"server is listening on port: 5000"}
{"level":"info","message":"server is listening on port: 5000"}
{"level":"info","message":"server is listening on port: 5000"}
2023-06-04T21:22:24.488Z [right meow!] info: server is listening on port: 5000
2023-06-04T21:22:26.481Z [right meow!] info: server is listening on port: 5000
2023-06-04T21:22:31.635Z [right meow!] info: server is listening on port: 5000
2023-06-04T21:22:44.077Z [right meow!] info: server is listening on port: 5000
2023-06-04T21:22:46.060Z [right meow!] info: server is listening on port: 5000
2023-06-04T21:23:18.130Z [dynamic!] info: server is listening on port: 5000
2023-06-04T21:23:19.696Z [dynamic!] info: server is listening on port: 5000
2023-06-04T21:24:19.189Z [dynamic!] info: server is listening on port: 5000
2023-06-04T21:25:12.514Z [dynamic!] info: server is listening on port: 5000
2023-06-04T21:25:14.442Z [dynamic!] info: server is listening on port: 5000
2023-06-04T21:25:17.354Z [dynamic!] info: server is listening on port: 5000
2023-06-04T21:25:36.422Z [dynamic!] info: server is listening on port: 5000
2023-06-04T21:25:49.263Z [dynamic!] info: server is listening on port: 5000
2023-06-04T21:26:07.044Z [dynamic!] info: server is listening on port: 5000
2023-06-04T21:26:22.980Z [dynamic!] info: server is listening on port: 5000
2023-06-04T21:26:42.653Z [dynamic!] info: server is listening on port: 5000
2023-06-04T21:28:03.667Z [dynamic!] info: server is listening on port: 5000
2023-06-04T21:28:30.633Z [dynamic!] info: server is listening on port: 5000
2023-06-04T21:28:34.360Z [dynamic!] info: server is listening on port: 5000
2023-06-04T21:28:36.278Z [dynamic!] info: server is listening on port: 5000
Mon Jun 05 2023 3: 30 : 7 [dynamic!] info: server is listening on port: 5000
Mon Jun 05 2023 3: 30 : 9 [dynamic!] info: server is listening on port: 5000
Mon Jun 05 2023 3: 31 : 2 [dynamic!] info: server is listening on port: 5000
Mon Jun 05 2023 3: 31 : 7 [dynamic!] info: server is listening on port: 5000
Mon Jun 05 2023 3: 31: 13 [dynamic!] info: server is listening on port: 5000
Mon Jun 05 2023 3: 31: 37 [dynamic!] info: server is listening on port: 5000
Mon Jun 05 2023 3: 32: 11 [dynamic!] info: server is listening on port: 5000
Mon Jun 05 2023 3: 32: 13 [dynamic!] info: server is listening on port: 5000
Mon Jun 05 2023 3: 35: 38 [dynamic!] info: server is listening on port: 5000
Mon Jun 05 2023 3: 35: 40 [dynamic!] info: server is listening on port: 5000
Mon Jun 05 2023 3: 36: 46 [dynamic!] info: server is listening on port: 5000
